-------------------------------------------------------------------------------
Test set: TestSuite
-------------------------------------------------------------------------------
Tests run: 2, Failures: 1, Errors: 0, Skipped: 0, Time elapsed: 15.756 s <<< FAILURE! - in TestSuite
pageObjects.loginfo.info  Time elapsed: 12.323 s  <<< FAILURE!
org.testng.TestNGException: 

Cannot inject @Test annotated Method [info] with [class java.lang.String].
For more information on native dependency injection please refer to http://testng.org/doc/documentation-main.html#native-dependency-injection

